<?xml version="1.0" encoding="UTF-8"?>
<testsuite xmlns:xsi="http://www.w3.org/2001/XMLSchema-instance" xsi:noNamespaceSchemaLocation="https://maven.apache.org/surefire/maven-surefire-plugin/xsd/surefire-test-report-3.0.xsd" version="3.0" name="ch.zhaw.deeplearningjava.footwear.FootwearApplicationTests" time="25.464" tests="1" errors="0" skipped="0" failures="0">
  <properties>
[...]
</properties>
  <testcase name="contextLoads" classname="ch.zhaw.deeplearningjava.footwear.FootwearApplicationTests" time="3.352">
    <system-out><![CDATA[15:42:48.428 [main] INFO org.springframework.test.context.support.AnnotationConfigContextLoaderUtils -- Could not detect default configuration classes for test class [ch.zhaw.deeplearningjava.footwear.FootwearApplicationTests]: FootwearApplicationTests does not declare any static, non-private, non-final, nested classes annotated with @Configuration.
15:42:48.882 [main] INFO org.springframework.boot.test.context.SpringBootTestContextBootstrapper -- Found @SpringBootConfiguration ch.zhaw.deeplearningjava.footwear.FootwearApplication for test class ch.zhaw.deeplearningjava.footwear.FootwearApplicationTests

  .   ____          _            __ _ _
 /\\ / ___'_ __ _ _(_)_ __  __ _ \ \ \ \
( ( )\___ | '_ | '_| | '_ \/ _` | \ \ \ \
 \\/  ___)| |_)| | | | | || (_| |  ) ) ) )
  '  |____| .__|_| |_|_| |_\__, | / / / /
 =========|_|==============|___/=/_/_/_/
 :: Spring Boot ::                (v3.2.2)

2024-05-19T15:42:51.614+02:00  INFO 2784 --- [           main] c.z.d.footwear.FootwearApplicationTests  : Starting FootwearApplicationTests using Java 21.0.1 with PID 2784 (started by volkm in C:\Users\volkm\Desktop\ZHAW\Sem6\MDM\djl-footwear_classification-master)
2024-05-19T15:42:51.617+02:00  INFO 2784 --- [           main] c.z.d.footwear.FootwearApplicationTests  : No active profile set, falling back to 1 default profile: "default"
2024-05-19T15:43:07.949+02:00  INFO 2784 --- [           main] o.s.b.a.w.s.WelcomePageHandlerMapping    : Adding welcome page: class path resource [static/index.html]
2024-05-19T15:43:09.700+02:00  INFO 2784 --- [           main] c.z.d.footwear.FootwearApplicationTests  : Started FootwearApplicationTests in 19.165 seconds (process running for 24.099)
]]></system-out>
    <system-err><![CDATA[WARNING: A Java agent has been loaded dynamically (C:\Users\volkm\.m2\repository\net\bytebuddy\byte-buddy-agent\1.14.11\byte-buddy-agent-1.14.11.jar)
WARNING: If a serviceability tool is in use, please run with -XX:+EnableDynamicAgentLoading to hide this warning
WARNING: If a serviceability tool is not in use, please run with -Djdk.instrument.traceUsage for more information
WARNING: Dynamic loading of agents will be disallowed by default in a future release
]]></system-err>
  </testcase>
</testsuite>